{"numFailedTestSuites":1,"numFailedTests":1,"numPassedTestSuites":0,"numPassedTests":0,"numPendingTestSuites":0,"numPendingTests":0,"numRuntimeErrorTestSuites":0,"numTodoTests":0,"numTotalTestSuites":1,"numTotalTests":1,"openHandles":[],"snapshot":{"added":0,"didUpdate":false,"failure":false,"filesAdded":0,"filesRemoved":0,"filesRemovedList":[],"filesUnmatched":0,"filesUpdated":0,"matched":0,"total":0,"unchecked":0,"uncheckedKeysByFile":[],"unmatched":0,"updated":0},"startTime":1665458401585,"success":false,"testResults":[{"leaks":false,"numFailingTests":1,"numPassingTests":0,"numPendingTests":0,"numTodoTests":0,"openHandles":[],"perfStats":{"end":1665458402472,"runtime":848,"slow":false,"start":1665458401624},"skipped":false,"snapshot":{"added":0,"fileDeleted":false,"matched":0,"unchecked":0,"uncheckedKeys":[],"unmatched":0,"updated":0},"testFilePath":"/Users/alan/code/logbook-limis/serverless/.devmatch/devmatch-validation.test.js","testResults":[{"ancestorTitles":[],"duration":232,"failureDetails":[{"matcherResult":{"actual":0,"expected":1,"message":"\u001b[2mexpect(\u001b[22m\u001b[31mreceived\u001b[39m\u001b[2m).\u001b[22mtoEqual\u001b[2m(\u001b[22m\u001b[32mexpected\u001b[39m\u001b[2m) // deep equality\u001b[22m\n\nExpected: \u001b[32m1\u001b[39m\nReceived: \u001b[31m0\u001b[39m","name":"toEqual","pass":false}}],"failureMessages":["Error: \u001b[2mexpect(\u001b[22m\u001b[31mreceived\u001b[39m\u001b[2m).\u001b[22mtoEqual\u001b[2m(\u001b[22m\u001b[32mexpected\u001b[39m\u001b[2m) // deep equality\u001b[22m\n\nExpected: \u001b[32m1\u001b[39m\nReceived: \u001b[31m0\u001b[39m\n    at Object.toEqual (/Users/alan/code/logbook-limis/serverless/.devmatch/devmatch-validation.test.js:45:34)"],"fullName":"FIX_ORGANIZATION","invocations":1,"location":null,"numPassingAsserts":0,"retryReasons":[],"status":"failed","title":"FIX_ORGANIZATION"}],"failureMessage":"\u001b[1m\u001b[31m  \u001b[1m● \u001b[22m\u001b[1mFIX_ORGANIZATION\u001b[39m\u001b[22m\n\n    \u001b[2mexpect(\u001b[22m\u001b[31mreceived\u001b[39m\u001b[2m).\u001b[22mtoEqual\u001b[2m(\u001b[22m\u001b[32mexpected\u001b[39m\u001b[2m) // deep equality\u001b[22m\n\n    Expected: \u001b[32m1\u001b[39m\n    Received: \u001b[31m0\u001b[39m\n\u001b[2m\u001b[22m\n\u001b[2m    \u001b[0m \u001b[90m 43 |\u001b[39m\u001b[0m\u001b[22m\n\u001b[2m    \u001b[0m \u001b[90m 44 |\u001b[39m     \u001b[36mlet\u001b[39m releavantUser \u001b[33m=\u001b[39m allUsers\u001b[33m.\u001b[39mfilter((el)\u001b[33m=>\u001b[39mel\u001b[33m.\u001b[39mid \u001b[33m===\u001b[39m user\u001b[33m.\u001b[39mid)\u001b[0m\u001b[22m\n\u001b[2m    \u001b[0m\u001b[31m\u001b[1m>\u001b[22m\u001b[2m\u001b[39m\u001b[90m 45 |\u001b[39m     expect(releavantUser\u001b[33m.\u001b[39mlength)\u001b[33m.\u001b[39mtoEqual(\u001b[35m1\u001b[39m)\u001b[33m;\u001b[39m\u001b[0m\u001b[22m\n\u001b[2m    \u001b[0m \u001b[90m    |\u001b[39m                                  \u001b[31m\u001b[1m^\u001b[22m\u001b[2m\u001b[39m\u001b[0m\u001b[22m\n\u001b[2m    \u001b[0m \u001b[90m 46 |\u001b[39m     expect(releavantUser[\u001b[35m0\u001b[39m]\u001b[33m.\u001b[39mfirstName)\u001b[33m.\u001b[39mtoEqual(user\u001b[33m.\u001b[39mfirstName)\u001b[33m;\u001b[39m\u001b[0m\u001b[22m\n\u001b[2m    \u001b[0m \u001b[90m 47 |\u001b[39m     expect(releavantUser[\u001b[35m0\u001b[39m]\u001b[33m.\u001b[39mlastName)\u001b[33m.\u001b[39mtoEqual(user\u001b[33m.\u001b[39mlastName)\u001b[33m;\u001b[39m\u001b[0m\u001b[22m\n\u001b[2m    \u001b[0m \u001b[90m 48 |\u001b[39m     expect(releavantUser[\u001b[35m0\u001b[39m]\u001b[33m.\u001b[39morganizationId)\u001b[33m.\u001b[39mtoEqual(user\u001b[33m.\u001b[39morganizationId)\u001b[33m;\u001b[39m\u001b[0m\u001b[22m\n\u001b[2m\u001b[22m\n\u001b[2m      \u001b[2mat Object.toEqual (\u001b[22m\u001b[2m\u001b[0m\u001b[36m.devmatch/devmatch-validation.test.js\u001b[39m\u001b[0m\u001b[2m:45:34)\u001b[22m\u001b[2m\u001b[22m\n"}],"wasInterrupted":false}